Build started 3/20/2013 10:13:11 PM.
     1>Project "C:\Users\Arno\Desktop\TwoScaleSplit\TwoScale2D\TwoScale2D.vcxproj" on node 2 (build target(s)).
     1>InitializeBuildStatus:
         Creating "Release\TwoScale2D.unsuccessfulbuild" because "AlwaysCreate" was specified.
       AddCudaCompileDeps:
       Skipping target "AddCudaCompileDeps" because all output files are up-to-date with respect to the input files.
       AddCudaCompilePropsDeps:
       Skipping target "AddCudaCompilePropsDeps" because all output files are up-to-date with respect to the input files.
       CudaBuild:
       Skipping target "CudaBuild" because all output files are up-to-date with respect to the input files.
       ClCompile:
         All outputs are up-to-date.
       ManifestResourceCompile:
         All outputs are up-to-date.
       Link:
         All outputs are up-to-date.
       Manifest:
         All outputs are up-to-date.
       PostBuildEvent:
         echo copy "C:\Program Files\NVIDIA GPU Computing Toolkit\CUDA\v5.0\bin\cudart*.dll" "C:\Users\Arno\Desktop\TwoScaleSplit\Release\"
         copy "C:\Program Files\NVIDIA GPU Computing Toolkit\CUDA\v5.0\bin\cudart*.dll" "C:\Users\Arno\Desktop\TwoScaleSplit\Release\"
         :VCEnd
         copy "C:\Program Files\NVIDIA GPU Computing Toolkit\CUDA\v5.0\bin\cudart*.dll" "C:\Users\Arno\Desktop\TwoScaleSplit\Release\"
         C:\Program Files\NVIDIA GPU Computing Toolkit\CUDA\v5.0\bin\cudart32_50_35.dll
         C:\Program Files\NVIDIA GPU Computing Toolkit\CUDA\v5.0\bin\cudart64_50_35.dll
                 2 file(s) copied.
       FinalizeBuildStatus:
         Deleting file "Release\TwoScale2D.unsuccessfulbuild".
         Touching "Release\TwoScale2D.lastbuildstate".
     1>Done Building Project "C:\Users\Arno\Desktop\TwoScaleSplit\TwoScale2D\TwoScale2D.vcxproj" (build target(s)).

Build succeeded.

Time Elapsed 00:00:00.10
