Build started 3/5/2013 2:02:47 PM.
     1>Project "C:\Users\Arno\Documents\Projects\TwoScale2D\TwoScale2D\TwoScale2D.vcxproj" on node 2 (build target(s)).
     1>InitializeBuildStatus:
         Creating "Debug\TwoScale2D.unsuccessfulbuild" because "AlwaysCreate" was specified.
       AddCudaCompileDeps:
         C:\Program Files (x86)\Microsoft Visual Studio 10.0\VC\bin\cl.exe /E /nologo /showIncludes /TP /D__CUDACC__ /D_MBCS /IC:\OpenCV2.1\include /I"C:\Program Files\NVIDIA GPU Computing Toolkit\CUDA\v5.0\include" /I"C:\Program Files\NVIDIA GPU Computing Toolkit\CUDA\v5.0\bin" /I"C:\Program Files\NVIDIA GPU Computing Toolkit\CUDA\v5.0\include" /I. /FIcuda_runtime.h /c C:\Users\Arno\Documents\Projects\TwoScale2D\TwoScale2D\WCSPHSolver.cu 
       AddCudaCompilePropsDeps:
       Skipping target "AddCudaCompilePropsDeps" because all output files are up-to-date with respect to the input files.
       CudaBuild:
         Compiling CUDA source file WCSPHSolver.cu...
         cmd.exe /C "C:\Users\Arno\AppData\Local\Temp\718c4f61b6cc4e569607629a736dfcb1.cmd"
         "C:\Program Files\NVIDIA GPU Computing Toolkit\CUDA\v5.0\bin\nvcc.exe" -gencode=arch=compute_10,code=\"sm_10,compute_10\" --use-local-env --cl-version 2010 -ccbin "C:\Program Files (x86)\Microsoft Visual Studio 10.0\VC\bin"  -I"C:\OpenCV2.1\include" -I"C:\Program Files\NVIDIA GPU Computing Toolkit\CUDA\v5.0\include" -I"C:\Program Files\NVIDIA GPU Computing Toolkit\CUDA\v5.0\include"  -G   --keep-dir "Debug" -maxrregcount=0  --machine 32 --compile  -g   -D_MBCS -Xcompiler "/EHsc /W3 /nologo /Od /Zi /RTC1 /MDd  " -o "Debug\WCSPHSolver.cu.obj" "C:\Users\Arno\Documents\Projects\TwoScale2D\TwoScale2D\WCSPHSolver.cu"
         
         C:\Users\Arno\Documents\Projects\TwoScale2D\TwoScale2D>"C:\Program Files\NVIDIA GPU Computing Toolkit\CUDA\v5.0\bin\nvcc.exe" -gencode=arch=compute_10,code=\"sm_10,compute_10\" --use-local-env --cl-version 2010 -ccbin "C:\Program Files (x86)\Microsoft Visual Studio 10.0\VC\bin"  -I"C:\OpenCV2.1\include" -I"C:\Program Files\NVIDIA GPU Computing Toolkit\CUDA\v5.0\include" -I"C:\Program Files\NVIDIA GPU Computing Toolkit\CUDA\v5.0\include"  -G   --keep-dir "Debug" -maxrregcount=0  --machine 32 --compile  -g   -D_MBCS -Xcompiler "/EHsc /W3 /nologo /Od /Zi /RTC1 /MDd  " -o "Debug\WCSPHSolver.cu.obj" "C:\Users\Arno\Documents\Projects\TwoScale2D\TwoScale2D\WCSPHSolver.cu" 
         WCSPHSolver.cu
         tmpxft_00001b24_00000000-2_WCSPHSolver.cudafe1.gpu
         tmpxft_00001b24_00000000-7_WCSPHSolver.cudafe2.gpu
         WCSPHSolver.cu
     1>C:\Program Files\NVIDIA GPU Computing Toolkit\CUDA\v5.0\include\thrust/detail/swap.inl(27): warning : Cannot tell what pointer points to, assuming global memory space
     1>C:\Program Files\NVIDIA GPU Computing Toolkit\CUDA\v5.0\include\thrust/detail/swap.inl(28): warning : Cannot tell what pointer points to, assuming global memory space
     1>C:\Program Files\NVIDIA GPU Computing Toolkit\CUDA\v5.0\include\thrust/detail/swap.inl(28): warning : Cannot tell what pointer points to, assuming global memory space
     1>C:\Program Files\NVIDIA GPU Computing Toolkit\CUDA\v5.0\include\thrust/detail/swap.inl(29): warning : Cannot tell what pointer points to, assuming global memory space
     1>C:\Program Files\NVIDIA GPU Computing Toolkit\CUDA\v5.0\include\thrust/detail/swap.inl(27): warning : Cannot tell what pointer points to, assuming global memory space
     1>C:\Program Files\NVIDIA GPU Computing Toolkit\CUDA\v5.0\include\thrust/detail/swap.inl(28): warning : Cannot tell what pointer points to, assuming global memory space
     1>C:\Program Files\NVIDIA GPU Computing Toolkit\CUDA\v5.0\include\thrust/detail/swap.inl(28): warning : Cannot tell what pointer points to, assuming global memory space
     1>C:\Program Files\NVIDIA GPU Computing Toolkit\CUDA\v5.0\include\thrust/detail/swap.inl(29): warning : Cannot tell what pointer points to, assuming global memory space
         tmpxft_00001b24_00000000-2_WCSPHSolver.cudafe1.cpp
         tmpxft_00001b24_00000000-12_WCSPHSolver.ii
     1>C:/Users/Arno/Documents/Projects/TwoScale2D/TwoScale2D/WCSPHSolver.cu(637): warning C4244: 'initializing' : conversion from 'double' to 'float', possible loss of data
     1>C:/Users/Arno/Documents/Projects/TwoScale2D/TwoScale2D/WCSPHSolver.cu(638): warning C4244: 'initializing' : conversion from 'double' to 'float', possible loss of data
         Deleting file "tmpxft_00001b24_00000000-8_WCSPHSolver.cpp3.o".
       ClCompile:
         C:\Program Files (x86)\Microsoft Visual Studio 10.0\VC\bin\CL.exe /c /IC:\OpenCV2.1\include /I"C:\Program Files\NVIDIA GPU Computing Toolkit\CUDA\v5.0\include" /ZI /nologo /W3 /WX- /Od /Oy- /D _MBCS /Gm /EHsc /RTC1 /MDd /GS /fp:precise /Zc:wchar_t /Zc:forScope /Fo"Debug\\" /Fd"Debug\vc100.pdb" /Gd /TP /analyze- /errorReport:prompt main.cpp
         main.cpp
     1>c:\users\arno\documents\projects\twoscale2d\twoscale2d\main.cpp(104): warning C4244: 'argument' : conversion from 'double' to 'float', possible loss of data
     1>c:\users\arno\documents\projects\twoscale2d\twoscale2d\main.cpp(106): warning C4305: 'initializing' : truncation from 'double' to 'float'
     1>c:\users\arno\documents\projects\twoscale2d\twoscale2d\main.cpp(108): warning C4305: 'initializing' : truncation from 'double' to 'float'
     1>c:\users\arno\documents\projects\twoscale2d\twoscale2d\main.cpp(150): warning C4244: 'argument' : conversion from 'double' to 'float', possible loss of data
     1>c:\users\arno\documents\projects\twoscale2d\twoscale2d\main.cpp(152): warning C4305: 'initializing' : truncation from 'double' to 'float'
       ManifestResourceCompile:
         All outputs are up-to-date.
       Link:
         C:\Program Files (x86)\Microsoft Visual Studio 10.0\VC\bin\link.exe /ERRORREPORT:PROMPT /OUT:"C:\Users\Arno\Documents\Projects\TwoScale2D\Debug\TwoScale2D.exe" /INCREMENTAL /NOLOGO /LIBPATH:C:\OpenCV2.1\lib /LIBPATH:"C:\Program Files\NVIDIA GPU Computing Toolkit\CUDA\v5.0\lib\Win32" highgui210.lib cv210.lib cxcore210.lib glew32.lib cudart.lib kernel32.lib user32.lib gdi32.lib winspool.lib comdlg32.lib advapi32.lib shell32.lib ole32.lib oleaut32.lib uuid.lib odbc32.lib odbccp32.lib kernel32.lib user32.lib gdi32.lib winspool.lib comdlg32.lib advapi32.lib shell32.lib ole32.lib oleaut32.lib uuid.lib odbc32.lib odbccp32.lib /MANIFEST /ManifestFile:"Debug\TwoScale2D.exe.intermediate.manifest" /MANIFESTUAC:"level='asInvoker' uiAccess='false'" /DEBUG /PDB:"C:\Users\Arno\Documents\Projects\TwoScale2D\Debug\TwoScale2D.pdb" /SUBSYSTEM:CONSOLE /TLBID:1 /DYNAMICBASE /NXCOMPAT /IMPLIB:"C:\Users\Arno\Documents\Projects\TwoScale2D\Debug\TwoScale2D.lib" /MACHINE:X86 Debug\WCSPHSolver.cu.obj
         Debug\TwoScale2D.exe.embed.manifest.res
         Debug\cuda.obj
         Debug\main.obj
         Debug\OpenGL.obj
         Debug\ParticleSystem.obj
         Debug\PointRenderer.obj
         Debug\VideoWriter.obj
       Manifest:
         C:\Program Files (x86)\Microsoft SDKs\Windows\v7.0A\bin\mt.exe /nologo /verbose /out:"Debug\TwoScale2D.exe.embed.manifest" /manifest Debug\TwoScale2D.exe.intermediate.manifest
         All outputs are up-to-date.
       LinkEmbedManifest:
         All outputs are up-to-date.
         TwoScale2D.vcxproj -> C:\Users\Arno\Documents\Projects\TwoScale2D\Debug\TwoScale2D.exe
       PostBuildEvent:
         echo copy "C:\Program Files\NVIDIA GPU Computing Toolkit\CUDA\v5.0\bin\cudart*.dll" "C:\Users\Arno\Documents\Projects\TwoScale2D\Debug\"
         copy "C:\Program Files\NVIDIA GPU Computing Toolkit\CUDA\v5.0\bin\cudart*.dll" "C:\Users\Arno\Documents\Projects\TwoScale2D\Debug\"
         :VCEnd
         copy "C:\Program Files\NVIDIA GPU Computing Toolkit\CUDA\v5.0\bin\cudart*.dll" "C:\Users\Arno\Documents\Projects\TwoScale2D\Debug\"
         C:\Program Files\NVIDIA GPU Computing Toolkit\CUDA\v5.0\bin\cudart32_50_35.dll
         C:\Program Files\NVIDIA GPU Computing Toolkit\CUDA\v5.0\bin\cudart64_50_35.dll
                 2 file(s) copied.
       FinalizeBuildStatus:
         Deleting file "Debug\TwoScale2D.unsuccessfulbuild".
         Touching "Debug\TwoScale2D.lastbuildstate".
     1>Done Building Project "C:\Users\Arno\Documents\Projects\TwoScale2D\TwoScale2D\TwoScale2D.vcxproj" (build target(s)).

Build succeeded.

Time Elapsed 00:00:40.21
